SF:lib\main.dart
DA:7,0
DA:8,0
DA:12,2
DA:14,1
DA:15,2
DA:19,1
DA:21,1
DA:22,1
DA:24,1
LF:9
LH:7
end_of_record
SF:lib\data\get_controllers.dart
DA:7,1
DA:8,4
DA:9,2
DA:10,2
DA:11,2
LF:5
LH:5
end_of_record
SF:lib\data\routing\get_pages.dart
DA:7,3
DA:8,1
DA:9,1
DA:10,1
DA:11,1
LF:5
LH:5
end_of_record
SF:lib\views\add_notes\add_notes_page.dart
DA:8,1
DA:9,0
DA:11,0
LF:3
LH:1
end_of_record
SF:lib\views\home\home_page.dart
DA:8,1
DA:9,0
DA:11,0
LF:3
LH:1
end_of_record
SF:lib\views\login\login_page.dart
DA:8,2
DA:9,1
DA:11,1
DA:12,1
LF:4
LH:4
end_of_record
SF:lib\views\register\register_page.dart
DA:8,1
DA:9,0
DA:11,0
DA:12,0
LF:4
LH:1
end_of_record
